<?xml version="1.0" encoding="UTF-8"?>
<robot generator="Robot 5.0.1 (Python 3.10.5 on win32)" generated="20220711 10:47:28.772" rpa="false" schemaversion="3">
<suite id="s1" name="BasicZalora" source="C:\Automation\zalora\BasicZalora.robot">
<test id="s1-t1" name="Verify basic search functionality for zalora" line="8">
<kw name="Start TestCase">
<kw name="Open Browser" library="SeleniumLibrary">
<arg>https://www.zalora.co.id/women/</arg>
<arg>Chrome</arg>
<doc>Opens a new browser instance to the optional ``url``.</doc>
<msg timestamp="20220711 10:47:29.043" level="INFO">Opening browser 'Chrome' to base url 'https://www.zalora.co.id/women/'.</msg>
<status status="PASS" starttime="20220711 10:47:29.043" endtime="20220711 10:47:37.408"/>
</kw>
<kw name="Maximize Browser Window" library="SeleniumLibrary">
<doc>Maximizes current browser window.</doc>
<status status="PASS" starttime="20220711 10:47:37.408" endtime="20220711 10:47:37.686"/>
</kw>
<status status="PASS" starttime="20220711 10:47:29.042" endtime="20220711 10:47:37.687"/>
</kw>
<kw name="Verify Search Results">
<kw name="Input Text" library="SeleniumLibrary">
<arg>//input[@name="q"]</arg>
<arg>Tas</arg>
<doc>Types the given ``text`` into the text field identified by ``locator``.</doc>
<msg timestamp="20220711 10:47:37.689" level="INFO">Typing text 'Tas' into text field '//input[@name="q"]'.</msg>
<status status="PASS" starttime="20220711 10:47:37.688" endtime="20220711 10:47:38.782"/>
</kw>
<kw name="Press Keys" library="SeleniumLibrary">
<arg>//*[@class="icon_loupe-dark"]</arg>
<arg>RETURN</arg>
<doc>Simulates the user pressing key(s) to an element or on the active browser.</doc>
<msg timestamp="20220711 10:47:38.783" level="INFO">Sending key(s) ('RETURN',) to //*[@class="icon_loupe-dark"] element.</msg>
<msg timestamp="20220711 10:47:40.626" level="INFO">Pressing special key RETURN to element.</msg>
<msg timestamp="20220711 10:47:40.626" level="INFO">Releasing special key RETURN.</msg>
<status status="PASS" starttime="20220711 10:47:38.782" endtime="20220711 10:47:40.777"/>
</kw>
<kw name="Page Should Contain" library="SeleniumLibrary">
<arg>Pencarian untuk : "Tas"</arg>
<doc>Verifies that current page contains ``text``.</doc>
<msg timestamp="20220711 10:47:42.445" level="INFO">Current page contains text 'Pencarian untuk : "Tas"'.</msg>
<status status="PASS" starttime="20220711 10:47:40.777" endtime="20220711 10:47:42.445"/>
</kw>
<status status="PASS" starttime="20220711 10:47:37.688" endtime="20220711 10:47:42.446"/>
</kw>
<kw name="Finish TestCase">
<kw name="Close Browser" library="SeleniumLibrary">
<doc>Closes the current browser.</doc>
<status status="PASS" starttime="20220711 10:47:42.447" endtime="20220711 10:47:44.827"/>
</kw>
<status status="PASS" starttime="20220711 10:47:42.446" endtime="20220711 10:47:44.827"/>
</kw>
<doc>This test case verifies functionality for zalora</doc>
<tag>Functional</tag>
<status status="PASS" starttime="20220711 10:47:29.041" endtime="20220711 10:47:44.830"/>
</test>
<doc>Basic Search Functionality</doc>
<status status="PASS" starttime="20220711 10:47:28.774" endtime="20220711 10:47:44.839"/>
</suite>
<statistics>
<total>
<stat pass="1" fail="0" skip="0">All Tests</stat>
</total>
<tag>
<stat pass="1" fail="0" skip="0">Functional</stat>
</tag>
<suite>
<stat pass="1" fail="0" skip="0" id="s1" name="BasicZalora">BasicZalora</stat>
</suite>
</statistics>
<errors>
</errors>
</robot>
